# JRE version: Java(TM) SE Runtime Environment (19.0.2+7) (build 19.0.2+7-44)
# Java VM: Java HotSpot(TM) 64-Bit Server VM (19.0.2+7-44, mixed mode, emulated-client, sharing, tiered, compressed oops, compressed class ptrs, g1 gc, windows-amd64)
GC Precious Log:
 CardTable entry size: 512
 Card Set container configuration: InlinePtr #cards 5 size 8 Array Of Cards #cards 12 size 40 Howl #buckets 4 coarsen threshold 1843 Howl Bitmap #cards 512 size 80 coarsen threshold 460 Card regions per heap region 1 cards per card region 2048
 CPUs: 8 total, 8 available
 Memory: 7930M
 Large Page Support: Disabled
 NUMA Support: Disabled
 Compressed Oops: Enabled (32-bit)
 Heap Region Size: 1M
 Heap Min Capacity: 8M
 Heap Initial Capacity: 124M
 Heap Max Capacity: 1984M
 Pre-touch: Disabled
 Parallel Workers: 8
 Concurrent Workers: 2
 Concurrent Refinement Workers: 8
 Periodic GC: Disabled
Heap:
 garbage-first heap   total 126976K, used 42384K [0x0000000084000000, 0x0000000100000000)
  region size 1024K, 3 young (3072K), 3 survivors (3072K)
 Metaspace       used 63244K, committed 64000K, reserved 1114112K
  class space    used 8462K, committed 8832K, reserved 1048576K
GC Heap History (20 events):
Event: 7.722 GC heap after
{Heap after GC invocations=12 (full 0):
 garbage-first heap   total 58368K, used 25432K [0x0000000084000000, 0x0000000100000000)
  region size 1024K, 3 young (3072K), 3 survivors (3072K)
 Metaspace       used 42790K, committed 43392K, reserved 1114112K
  class space    used 5562K, committed 5824K, reserved 1048576K
}
Event: 7.741 GC heap before
{Heap before GC invocations=12 (full 0):
 garbage-first heap   total 58368K, used 26456K [0x0000000084000000, 0x0000000100000000)
  region size 1024K, 4 young (4096K), 3 survivors (3072K)
 Metaspace       used 43057K, committed 43712K, reserved 1114112K
  class space    used 5599K, committed 5888K, reserved 1048576K
}
Event: 7.745 GC heap after
{Heap after GC invocations=13 (full 0):
 garbage-first heap   total 58368K, used 25337K [0x0000000084000000, 0x0000000100000000)
  region size 1024K, 1 young (1024K), 1 survivors (1024K)
 Metaspace       used 43057K, committed 43712K, reserved 1114112K
  class space    used 5599K, committed 5888K, reserved 1048576K
}
Event: 8.161 GC heap before
{Heap before GC invocations=13 (full 0):
 garbage-first heap   total 58368K, used 43769K [0x0000000084000000, 0x0000000100000000)
  region size 1024K, 20 young (20480K), 1 survivors (1024K)
 Metaspace       used 45560K, committed 46208K, reserved 1114112K
  class space    used 5917K, committed 6208K, reserved 1048576K
}
Event: 8.165 GC heap after
{Heap after GC invocations=14 (full 0):
 garbage-first heap   total 105472K, used 26951K [0x0000000084000000, 0x0000000100000000)
  region size 1024K, 2 young (2048K), 2 survivors (2048K)
 Metaspace       used 45560K, committed 46208K, reserved 1114112K
  class space    used 5917K, committed 6208K, reserved 1048576K
}
Event: 9.137 GC heap before
{Heap before GC invocations=14 (full 0):
 garbage-first heap   total 105472K, used 80199K [0x0000000084000000, 0x0000000100000000)
  region size 1024K, 55 young (56320K), 2 survivors (2048K)
 Metaspace       used 52114K, committed 52736K, reserved 1114112K
  class space    used 6860K, committed 7104K, reserved 1048576K
}
Event: 9.141 GC heap after
{Heap after GC invocations=15 (full 0):
 garbage-first heap   total 105472K, used 28570K [0x0000000084000000, 0x0000000100000000)
  region size 1024K, 4 young (4096K), 4 survivors (4096K)
 Metaspace       used 52114K, committed 52736K, reserved 1114112K
  class space    used 6860K, committed 7104K, reserved 1048576K
}
Event: 9.957 GC heap before
{Heap before GC invocations=15 (full 0):
 garbage-first heap   total 105472K, used 82842K [0x0000000084000000, 0x0000000100000000)
  region size 1024K, 57 young (58368K), 4 survivors (4096K)
 Metaspace       used 58066K, committed 58880K, reserved 1114112K
  class space    used 7684K, committed 8064K, reserved 1048576K
}
Event: 9.963 GC heap after
{Heap after GC invocations=16 (full 0):
 garbage-first heap   total 105472K, used 31989K [0x0000000084000000, 0x0000000100000000)
  region size 1024K, 7 young (7168K), 7 survivors (7168K)
 Metaspace       used 58066K, committed 58880K, reserved 1114112K
  class space    used 7684K, committed 8064K, reserved 1048576K
}
Event: 10.231 GC heap before
{Heap before GC invocations=16 (full 0):
 garbage-first heap   total 105472K, used 44277K [0x0000000084000000, 0x0000000100000000)
  region size 1024K, 20 young (20480K), 7 survivors (7168K)
 Metaspace       used 59710K, committed 60416K, reserved 1114112K
  class space    used 7907K, committed 8256K, reserved 1048576K
}
Event: 10.240 GC heap after
{Heap after GC invocations=17 (full 0):
 garbage-first heap   total 105472K, used 32932K [0x0000000084000000, 0x0000000100000000)
  region size 1024K, 5 young (5120K), 5 survivors (5120K)
 Metaspace       used 59710K, committed 60416K, reserved 1114112K
  class space    used 7907K, committed 8256K, reserved 1048576K
}
Event: 10.667 GC heap before
{Heap before GC invocations=18 (full 0):
 garbage-first heap   total 105472K, used 82084K [0x0000000084000000, 0x0000000100000000)
  region size 1024K, 54 young (55296K), 5 survivors (5120K)
 Metaspace       used 62164K, committed 62912K, reserved 1114112K
  class space    used 8238K, committed 8576K, reserved 1048576K
}
Event: 10.673 GC heap after
{Heap after GC invocations=19 (full 0):
 garbage-first heap   total 105472K, used 35834K [0x0000000084000000, 0x0000000100000000)
  region size 1024K, 4 young (4096K), 4 survivors (4096K)
 Metaspace       used 62164K, committed 62912K, reserved 1114112K
  class space    used 8238K, committed 8576K, reserved 1048576K
}
Event: 10.676 GC heap before
{Heap before GC invocations=19 (full 0):
 garbage-first heap   total 105472K, used 36858K [0x0000000084000000, 0x0000000100000000)
  region size 1024K, 5 young (5120K), 4 survivors (4096K)
 Metaspace       used 62164K, committed 62912K, reserved 1114112K
  class space    used 8238K, committed 8576K, reserved 1048576K
}
Event: 10.680 GC heap after
{Heap after GC invocations=20 (full 0):
 garbage-first heap   total 105472K, used 36217K [0x0000000084000000, 0x0000000100000000)
  region size 1024K, 1 young (1024K), 1 survivors (1024K)
 Metaspace       used 62164K, committed 62912K, reserved 1114112K
  class space    used 8238K, committed 8576K, reserved 1048576K
}
Event: 10.828 GC heap before
{Heap before GC invocations=20 (full 0):
 garbage-first heap   total 105472K, used 83321K [0x0000000084000000, 0x0000000100000000)
  region size 1024K, 47 young (48128K), 1 survivors (1024K)
 Metaspace       used 62420K, committed 63168K, reserved 1114112K
  class space    used 8308K, committed 8640K, reserved 1048576K
}
Event: 10.833 GC heap after
{Heap after GC invocations=21 (full 0):
 garbage-first heap   total 105472K, used 40649K [0x0000000084000000, 0x0000000100000000)
  region size 1024K, 6 young (6144K), 6 survivors (6144K)
 Metaspace       used 62420K, committed 63168K, reserved 1114112K
  class space    used 8308K, committed 8640K, reserved 1048576K
}
Event: 11.057 GC heap before
{Heap before GC invocations=21 (full 0):
 garbage-first heap   total 105472K, used 82633K [0x0000000084000000, 0x0000000100000000)
  region size 1024K, 47 young (48128K), 6 survivors (6144K)
 Metaspace       used 63085K, committed 63808K, reserved 1114112K
  class space    used 8450K, committed 8768K, reserved 1048576K
}
Event: 11.063 GC heap after
{Heap after GC invocations=22 (full 0):
 garbage-first heap   total 105472K, used 41328K [0x0000000084000000, 0x0000000100000000)
  region size 1024K, 2 young (2048K), 2 survivors (2048K)
 Metaspace       used 63085K, committed 63808K, reserved 1114112K
  class space    used 8450K, committed 8768K, reserved 1048576K
}
Event: 11.313 GC heap before
{Heap before GC invocations=22 (full 0):
 garbage-first heap   total 105472K, used 84336K [0x0000000084000000, 0x0000000100000000)
  region size 1024K, 44 young (45056K), 2 survivors (2048K)
 Metaspace       used 63244K, committed 64000K, reserved 1114112K
  class space    used 8462K, committed 8832K, reserved 1048576K
}

