# JRE version: Java(TM) SE Runtime Environment (19.0.2+7) (build 19.0.2+7-44)
# Java VM: Java HotSpot(TM) 64-Bit Server VM (19.0.2+7-44, mixed mode, emulated-client, sharing, tiered, compressed oops, compressed class ptrs, g1 gc, windows-amd64)
GC Precious Log:
 CardTable entry size: 512
 Card Set container configuration: InlinePtr #cards 5 size 8 Array Of Cards #cards 12 size 40 Howl #buckets 4 coarsen threshold 1843 Howl Bitmap #cards 512 size 80 coarsen threshold 460 Card regions per heap region 1 cards per card region 2048
 CPUs: 8 total, 8 available
 Memory: 7930M
 Large Page Support: Disabled
 NUMA Support: Disabled
 Compressed Oops: Enabled (32-bit)
 Heap Region Size: 1M
 Heap Min Capacity: 8M
 Heap Initial Capacity: 124M
 Heap Max Capacity: 1984M
 Pre-touch: Disabled
 Parallel Workers: 8
 Concurrent Workers: 2
 Concurrent Refinement Workers: 8
 Periodic GC: Disabled
Heap:
 garbage-first heap   total 126976K, used 35991K [0x0000000084000000, 0x0000000100000000)
  region size 1024K, 1 young (1024K), 1 survivors (1024K)
 Metaspace       used 62699K, committed 63488K, reserved 1114112K
  class space    used 8327K, committed 8704K, reserved 1048576K
GC Heap History (20 events):
Event: 5.761 GC heap after
{Heap after GC invocations=8 (full 0):
 garbage-first heap   total 61440K, used 22622K [0x0000000084000000, 0x0000000100000000)
  region size 1024K, 3 young (3072K), 3 survivors (3072K)
 Metaspace       used 31599K, committed 32128K, reserved 1114112K
  class space    used 4140K, committed 4416K, reserved 1048576K
}
Event: 5.986 GC heap before
{Heap before GC invocations=8 (full 0):
 garbage-first heap   total 61440K, used 44126K [0x0000000084000000, 0x0000000100000000)
  region size 1024K, 24 young (24576K), 3 survivors (3072K)
 Metaspace       used 32454K, committed 33024K, reserved 1114112K
  class space    used 4266K, committed 4544K, reserved 1048576K
}
Event: 5.989 GC heap after
{Heap after GC invocations=9 (full 0):
 garbage-first heap   total 61440K, used 23809K [0x0000000084000000, 0x0000000100000000)
  region size 1024K, 2 young (2048K), 2 survivors (2048K)
 Metaspace       used 32454K, committed 33024K, reserved 1114112K
  class space    used 4266K, committed 4544K, reserved 1048576K
}
Event: 6.242 GC heap before
{Heap before GC invocations=9 (full 0):
 garbage-first heap   total 61440K, used 37121K [0x0000000084000000, 0x0000000100000000)
  region size 1024K, 16 young (16384K), 2 survivors (2048K)
 Metaspace       used 35424K, committed 35968K, reserved 1114112K
  class space    used 4647K, committed 4928K, reserved 1048576K
}
Event: 6.245 GC heap after
{Heap after GC invocations=10 (full 0):
 garbage-first heap   total 96256K, used 24331K [0x0000000084000000, 0x0000000100000000)
  region size 1024K, 2 young (2048K), 2 survivors (2048K)
 Metaspace       used 35424K, committed 35968K, reserved 1114112K
  class space    used 4647K, committed 4928K, reserved 1048576K
}
Event: 7.845 GC heap before
{Heap before GC invocations=11 (full 0):
 garbage-first heap   total 86016K, used 72459K [0x0000000084000000, 0x0000000100000000)
  region size 1024K, 50 young (51200K), 2 survivors (2048K)
 Metaspace       used 46696K, committed 47296K, reserved 1114112K
  class space    used 6071K, committed 6336K, reserved 1048576K
}
Event: 7.850 GC heap after
{Heap after GC invocations=12 (full 0):
 garbage-first heap   total 86016K, used 27775K [0x0000000084000000, 0x0000000100000000)
  region size 1024K, 6 young (6144K), 6 survivors (6144K)
 Metaspace       used 46696K, committed 47296K, reserved 1114112K
  class space    used 6071K, committed 6336K, reserved 1048576K
}
Event: 7.860 GC heap before
{Heap before GC invocations=12 (full 0):
 garbage-first heap   total 86016K, used 28799K [0x0000000084000000, 0x0000000100000000)
  region size 1024K, 7 young (7168K), 6 survivors (6144K)
 Metaspace       used 46765K, committed 47360K, reserved 1114112K
  class space    used 6082K, committed 6336K, reserved 1048576K
}
Event: 7.864 GC heap after
{Heap after GC invocations=13 (full 0):
 garbage-first heap   total 86016K, used 27897K [0x0000000084000000, 0x0000000100000000)
  region size 1024K, 1 young (1024K), 1 survivors (1024K)
 Metaspace       used 46765K, committed 47360K, reserved 1114112K
  class space    used 6082K, committed 6336K, reserved 1048576K
}
Event: 8.474 GC heap before
{Heap before GC invocations=13 (full 0):
 garbage-first heap   total 86016K, used 64761K [0x0000000084000000, 0x0000000100000000)
  region size 1024K, 38 young (38912K), 1 survivors (1024K)
 Metaspace       used 52474K, committed 53120K, reserved 1114112K
  class space    used 6909K, committed 7232K, reserved 1048576K
}
Event: 8.476 GC heap after
{Heap after GC invocations=14 (full 0):
 garbage-first heap   total 86016K, used 28693K [0x0000000084000000, 0x0000000100000000)
  region size 1024K, 2 young (2048K), 2 survivors (2048K)
 Metaspace       used 52474K, committed 53120K, reserved 1114112K
  class space    used 6909K, committed 7232K, reserved 1048576K
}
Event: 8.882 GC heap before
{Heap before GC invocations=14 (full 0):
 garbage-first heap   total 86016K, used 66581K [0x0000000084000000, 0x0000000100000000)
  region size 1024K, 39 young (39936K), 2 survivors (2048K)
 Metaspace       used 54867K, committed 55552K, reserved 1114112K
  class space    used 7241K, committed 7552K, reserved 1048576K
}
Event: 8.885 GC heap after
{Heap after GC invocations=15 (full 0):
 garbage-first heap   total 86016K, used 29606K [0x0000000084000000, 0x0000000100000000)
  region size 1024K, 3 young (3072K), 3 survivors (3072K)
 Metaspace       used 54867K, committed 55552K, reserved 1114112K
  class space    used 7241K, committed 7552K, reserved 1048576K
}
Event: 9.501 GC heap before
{Heap before GC invocations=15 (full 0):
 garbage-first heap   total 86016K, used 67494K [0x0000000084000000, 0x0000000100000000)
  region size 1024K, 41 young (41984K), 3 survivors (3072K)
 Metaspace       used 59741K, committed 60416K, reserved 1114112K
  class space    used 7896K, committed 8256K, reserved 1048576K
}
Event: 9.507 GC heap after
{Heap after GC invocations=16 (full 0):
 garbage-first heap   total 86016K, used 32791K [0x0000000084000000, 0x0000000100000000)
  region size 1024K, 6 young (6144K), 6 survivors (6144K)
 Metaspace       used 59741K, committed 60416K, reserved 1114112K
  class space    used 7896K, committed 8256K, reserved 1048576K
}
Event: 9.912 GC heap before
{Heap before GC invocations=17 (full 0):
 garbage-first heap   total 86016K, used 66583K [0x0000000084000000, 0x0000000100000000)
  region size 1024K, 40 young (40960K), 6 survivors (6144K)
 Metaspace       used 62537K, committed 63296K, reserved 1114112K
  class space    used 8282K, committed 8640K, reserved 1048576K
}
Event: 9.919 GC heap after
{Heap after GC invocations=18 (full 0):
 garbage-first heap   total 86016K, used 35409K [0x0000000084000000, 0x0000000100000000)
  region size 1024K, 3 young (3072K), 3 survivors (3072K)
 Metaspace       used 62537K, committed 63296K, reserved 1114112K
  class space    used 8282K, committed 8640K, reserved 1048576K
}
Event: 9.925 GC heap before
{Heap before GC invocations=18 (full 0):
 garbage-first heap   total 86016K, used 36433K [0x0000000084000000, 0x0000000100000000)
  region size 1024K, 4 young (4096K), 3 survivors (3072K)
 Metaspace       used 62537K, committed 63296K, reserved 1114112K
  class space    used 8282K, committed 8640K, reserved 1048576K
}
Event: 9.928 GC heap after
{Heap after GC invocations=19 (full 0):
 garbage-first heap   total 86016K, used 35248K [0x0000000084000000, 0x0000000100000000)
  region size 1024K, 1 young (1024K), 1 survivors (1024K)
 Metaspace       used 62537K, committed 63296K, reserved 1114112K
  class space    used 8282K, committed 8640K, reserved 1048576K
}
Event: 10.056 GC heap before
{Heap before GC invocations=19 (full 0):
 garbage-first heap   total 86016K, used 68016K [0x0000000084000000, 0x0000000100000000)
  region size 1024K, 33 young (33792K), 1 survivors (1024K)
 Metaspace       used 62699K, committed 63488K, reserved 1114112K
  class space    used 8327K, committed 8704K, reserved 1048576K
}

